2023-03-22T16:42:30.684858+00:00 INFO 'ansible_navigator.setup_logger' New ansible-navigator instance, logging initialized
2023-03-22T16:42:30.685632+00:00 INFO 'ansible_navigator.setup_logger' New ansible-runner instance, logging initialized
2023-03-22T16:42:30.685690+00:00 DEBUG 'ansible_navigator.main' ansible-builder==1.0.1 /Users/rgdacosta/Library/Python/3.9/lib/python/site-packages
2023-03-22T16:42:30.685726+00:00 DEBUG 'ansible_navigator.main' ansible-compat==2.2.0 /Users/rgdacosta/Library/Python/3.9/lib/python/site-packages
2023-03-22T16:42:30.685758+00:00 DEBUG 'ansible_navigator.main' ansible-core==2.14.3 /Users/rgdacosta/Library/Python/3.9/lib/python/site-packages
2023-03-22T16:42:30.685810+00:00 DEBUG 'ansible_navigator.main' ansible-events==0.5.0 /Users/rgdacosta/Library/Python/3.9/lib/python/site-packages
2023-03-22T16:42:30.685839+00:00 DEBUG 'ansible_navigator.main' ansible-navigator==2.2.0 /usr/local/lib/python3.9/site-packages
2023-03-22T16:42:30.685868+00:00 DEBUG 'ansible_navigator.main' ansible-runner==2.2.1 /Users/rgdacosta/Library/Python/3.9/lib/python/site-packages
2023-03-22T16:42:30.685896+00:00 DEBUG 'ansible_navigator.main' ansible==7.3.0 /Users/rgdacosta/Library/Python/3.9/lib/python/site-packages
2023-03-22T16:42:30.685932+00:00 DEBUG 'ansible_navigator.main' async-timeout==4.0.2 /Users/rgdacosta/Library/Python/3.9/lib/python/site-packages
2023-03-22T16:42:30.685961+00:00 DEBUG 'ansible_navigator.main' asyncio==3.4.3 /Users/rgdacosta/Library/Python/3.9/lib/python/site-packages
2023-03-22T16:42:30.685990+00:00 DEBUG 'ansible_navigator.main' attrs==22.1.0 /Users/rgdacosta/Library/Python/3.9/lib/python/site-packages
2023-03-22T16:42:30.686018+00:00 DEBUG 'ansible_navigator.main' bindep==2.11.0 /Users/rgdacosta/Library/Python/3.9/lib/python/site-packages
2023-03-22T16:42:30.686045+00:00 DEBUG 'ansible_navigator.main' black==23.1.0 /Users/rgdacosta/Library/Python/3.9/lib/python/site-packages
2023-03-22T16:42:30.686076+00:00 DEBUG 'ansible_navigator.main' bracex==2.2.1 /Users/rgdacosta/Library/Python/3.9/lib/python/site-packages
2023-03-22T16:42:30.686103+00:00 DEBUG 'ansible_navigator.main' certifi==2021.10.8 /usr/local/lib/python3.9/site-packages
2023-03-22T16:42:30.686131+00:00 DEBUG 'ansible_navigator.main' cffi==1.15.0 /Users/rgdacosta/Library/Python/3.9/lib/python/site-packages
2023-03-22T16:42:30.686159+00:00 DEBUG 'ansible_navigator.main' charset-normalizer==2.0.12 /usr/local/lib/python3.9/site-packages
2023-03-22T16:42:30.686187+00:00 DEBUG 'ansible_navigator.main' click==8.1.3 /Users/rgdacosta/Library/Python/3.9/lib/python/site-packages
2023-03-22T16:42:30.686218+00:00 DEBUG 'ansible_navigator.main' commonmark==0.9.1 /Users/rgdacosta/Library/Python/3.9/lib/python/site-packages
2023-03-22T16:42:30.686264+00:00 DEBUG 'ansible_navigator.main' cryptography==36.0.1 /Users/rgdacosta/Library/Python/3.9/lib/python/site-packages
2023-03-22T16:42:30.686292+00:00 DEBUG 'ansible_navigator.main' deprecated==1.2.13 /Users/rgdacosta/Library/Python/3.9/lib/python/site-packages
2023-03-22T16:42:30.686321+00:00 DEBUG 'ansible_navigator.main' distro==1.7.0 /Users/rgdacosta/Library/Python/3.9/lib/python/site-packages
2023-03-22T16:42:30.686351+00:00 DEBUG 'ansible_navigator.main' dnspython==2.2.1 /usr/local/lib/python3.9/site-packages
2023-03-22T16:42:30.686380+00:00 DEBUG 'ansible_navigator.main' docutils==0.19 /Users/rgdacosta/Library/Python/3.9/lib/python/site-packages
2023-03-22T16:42:30.686408+00:00 DEBUG 'ansible_navigator.main' dpath==2.0.6 /Users/rgdacosta/Library/Python/3.9/lib/python/site-packages
2023-03-22T16:42:30.686436+00:00 DEBUG 'ansible_navigator.main' durable-rules==2.0.28 /Users/rgdacosta/Library/Python/3.9/lib/python/site-packages
2023-03-22T16:42:30.686481+00:00 DEBUG 'ansible_navigator.main' enrich==1.2.7 /Users/rgdacosta/Library/Python/3.9/lib/python/site-packages
2023-03-22T16:42:30.686511+00:00 DEBUG 'ansible_navigator.main' filelock==3.9.0 /Users/rgdacosta/Library/Python/3.9/lib/python/site-packages
2023-03-22T16:42:30.686539+00:00 DEBUG 'ansible_navigator.main' idna==3.3 /usr/local/lib/python3.9/site-packages
2023-03-22T16:42:30.686576+00:00 DEBUG 'ansible_navigator.main' iniconfig==1.1.1 /Users/rgdacosta/Library/Python/3.9/lib/python/site-packages
2023-03-22T16:42:30.686602+00:00 DEBUG 'ansible_navigator.main' janus==1.0.0 /Users/rgdacosta/Library/Python/3.9/lib/python/site-packages
2023-03-22T16:42:30.686630+00:00 DEBUG 'ansible_navigator.main' jinja2==3.0.3 /Users/rgdacosta/Library/Python/3.9/lib/python/site-packages
2023-03-22T16:42:30.686655+00:00 DEBUG 'ansible_navigator.main' jmespath==1.0.1 /Users/rgdacosta/Library/Python/3.9/lib/python/site-packages
2023-03-22T16:42:30.686680+00:00 DEBUG 'ansible_navigator.main' jsonschema==4.17.3 /Users/rgdacosta/Library/Python/3.9/lib/python/site-packages
2023-03-22T16:42:30.686723+00:00 DEBUG 'ansible_navigator.main' lockfile==0.12.2 /Users/rgdacosta/Library/Python/3.9/lib/python/site-packages
2023-03-22T16:42:30.686749+00:00 DEBUG 'ansible_navigator.main' markupsafe==2.0.1 /Users/rgdacosta/Library/Python/3.9/lib/python/site-packages
2023-03-22T16:42:30.686774+00:00 DEBUG 'ansible_navigator.main' mypy-extensions==1.0.0 /Users/rgdacosta/Library/Python/3.9/lib/python/site-packages
2023-03-22T16:42:30.686804+00:00 DEBUG 'ansible_navigator.main' netaddr==0.8.0 /usr/local/lib/python3.9/site-packages
2023-03-22T16:42:30.686834+00:00 DEBUG 'ansible_navigator.main' onigurumacffi==1.2.0 /usr/local/lib/python3.9/site-packages
2023-03-22T16:42:30.686864+00:00 DEBUG 'ansible_navigator.main' packaging==23.0 /Users/rgdacosta/Library/Python/3.9/lib/python/site-packages
2023-03-22T16:42:30.686892+00:00 DEBUG 'ansible_navigator.main' parsley==1.3 /Users/rgdacosta/Library/Python/3.9/lib/python/site-packages
2023-03-22T16:42:30.686920+00:00 DEBUG 'ansible_navigator.main' pathspec==0.9.0 /Users/rgdacosta/Library/Python/3.9/lib/python/site-packages
2023-03-22T16:42:30.686946+00:00 DEBUG 'ansible_navigator.main' pbr==5.8.1 /Users/rgdacosta/Library/Python/3.9/lib/python/site-packages
2023-03-22T16:42:30.686971+00:00 DEBUG 'ansible_navigator.main' pexpect==4.8.0 /Users/rgdacosta/Library/Python/3.9/lib/python/site-packages
2023-03-22T16:42:30.686997+00:00 DEBUG 'ansible_navigator.main' pip==22.3.1 /usr/local/lib/python3.9/site-packages
2023-03-22T16:42:30.687023+00:00 DEBUG 'ansible_navigator.main' platformdirs==3.0.0 /Users/rgdacosta/Library/Python/3.9/lib/python/site-packages
2023-03-22T16:42:30.687051+00:00 DEBUG 'ansible_navigator.main' pluggy==1.0.0 /Users/rgdacosta/Library/Python/3.9/lib/python/site-packages
2023-03-22T16:42:30.687076+00:00 DEBUG 'ansible_navigator.main' ptyprocess==0.7.0 /Users/rgdacosta/Library/Python/3.9/lib/python/site-packages
2023-03-22T16:42:30.687102+00:00 DEBUG 'ansible_navigator.main' py==1.11.0 /Users/rgdacosta/Library/Python/3.9/lib/python/site-packages
2023-03-22T16:42:30.687127+00:00 DEBUG 'ansible_navigator.main' pycparser==2.21 /Users/rgdacosta/Library/Python/3.9/lib/python/site-packages
2023-03-22T16:42:30.687153+00:00 DEBUG 'ansible_navigator.main' pygments==2.11.2 /Users/rgdacosta/Library/Python/3.9/lib/python/site-packages
2023-03-22T16:42:30.687194+00:00 DEBUG 'ansible_navigator.main' pyparsing==3.0.7 /Users/rgdacosta/Library/Python/3.9/lib/python/site-packages
2023-03-22T16:42:30.687223+00:00 DEBUG 'ansible_navigator.main' pyrsistent==0.18.1 /Users/rgdacosta/Library/Python/3.9/lib/python/site-packages
2023-03-22T16:42:30.687252+00:00 DEBUG 'ansible_navigator.main' pytest==7.1.2 /Users/rgdacosta/Library/Python/3.9/lib/python/site-packages
2023-03-22T16:42:30.687278+00:00 DEBUG 'ansible_navigator.main' python-daemon==2.3.1 /Users/rgdacosta/Library/Python/3.9/lib/python/site-packages
2023-03-22T16:42:30.687305+00:00 DEBUG 'ansible_navigator.main' python-gitlab==3.2.0 /usr/local/lib/python3.9/site-packages
2023-03-22T16:42:30.687340+00:00 DEBUG 'ansible_navigator.main' pyyaml==6.0 /Users/rgdacosta/Library/Python/3.9/lib/python/site-packages
2023-03-22T16:42:30.687366+00:00 DEBUG 'ansible_navigator.main' redis==4.3.4 /Users/rgdacosta/Library/Python/3.9/lib/python/site-packages
2023-03-22T16:42:30.687394+00:00 DEBUG 'ansible_navigator.main' requests-toolbelt==0.9.1 /usr/local/lib/python3.9/site-packages
2023-03-22T16:42:30.687496+00:00 DEBUG 'ansible_navigator.main' requests==2.27.1 /usr/local/lib/python3.9/site-packages
2023-03-22T16:42:30.687550+00:00 DEBUG 'ansible_navigator.main' requirements-parser==0.5.0 /Users/rgdacosta/Library/Python/3.9/lib/python/site-packages
2023-03-22T16:42:30.687584+00:00 DEBUG 'ansible_navigator.main' resolvelib==0.5.4 /Users/rgdacosta/Library/Python/3.9/lib/python/site-packages
2023-03-22T16:42:30.687625+00:00 DEBUG 'ansible_navigator.main' rich==12.0.0 /Users/rgdacosta/Library/Python/3.9/lib/python/site-packages
2023-03-22T16:42:30.687663+00:00 DEBUG 'ansible_navigator.main' ruamel.yaml.clib==0.2.6 /Users/rgdacosta/Library/Python/3.9/lib/python/site-packages
2023-03-22T16:42:30.687690+00:00 DEBUG 'ansible_navigator.main' ruamel.yaml==0.17.21 /Users/rgdacosta/Library/Python/3.9/lib/python/site-packages
2023-03-22T16:42:30.687717+00:00 DEBUG 'ansible_navigator.main' setuptools==65.6.3 /usr/local/lib/python3.9/site-packages
2023-03-22T16:42:30.687744+00:00 DEBUG 'ansible_navigator.main' six==1.16.0 /Users/rgdacosta/Library/Python/3.9/lib/python/site-packages
2023-03-22T16:42:30.687777+00:00 DEBUG 'ansible_navigator.main' subprocess-tee==0.4.1 /Users/rgdacosta/Library/Python/3.9/lib/python/site-packages
2023-03-22T16:42:30.687804+00:00 DEBUG 'ansible_navigator.main' tenacity==8.0.1 /Users/rgdacosta/Library/Python/3.9/lib/python/site-packages
2023-03-22T16:42:30.687830+00:00 DEBUG 'ansible_navigator.main' tomli==2.0.1 /Users/rgdacosta/Library/Python/3.9/lib/python/site-packages
2023-03-22T16:42:30.687855+00:00 DEBUG 'ansible_navigator.main' types-setuptools==57.4.14 /Users/rgdacosta/Library/Python/3.9/lib/python/site-packages
2023-03-22T16:42:30.687881+00:00 DEBUG 'ansible_navigator.main' typing-extensions==4.3.0 /Users/rgdacosta/Library/Python/3.9/lib/python/site-packages
2023-03-22T16:42:30.687915+00:00 DEBUG 'ansible_navigator.main' tzdata==2022.4 /usr/local/lib/python3.9/site-packages
2023-03-22T16:42:30.687942+00:00 DEBUG 'ansible_navigator.main' urllib3==1.26.8 /usr/local/lib/python3.9/site-packages
2023-03-22T16:42:30.687971+00:00 DEBUG 'ansible_navigator.main' wcmatch==8.3 /Users/rgdacosta/Library/Python/3.9/lib/python/site-packages
2023-03-22T16:42:30.687999+00:00 DEBUG 'ansible_navigator.main' websockets==10.3 /Users/rgdacosta/Library/Python/3.9/lib/python/site-packages
2023-03-22T16:42:30.688025+00:00 DEBUG 'ansible_navigator.main' wheel==0.38.4 /usr/local/lib/python3.9/site-packages
2023-03-22T16:42:30.688054+00:00 DEBUG 'ansible_navigator.main' wrapt==1.14.1 /Users/rgdacosta/Library/Python/3.9/lib/python/site-packages
2023-03-22T16:42:30.688104+00:00 DEBUG 'ansible_navigator.main' yamllint==1.27.1 /Users/rgdacosta/Library/Python/3.9/lib/python/site-packages
2023-03-22T16:42:30.688167+00:00 DEBUG 'ansible_navigator.main' Share directory '/usr/local/lib/python3.9/share/ansible_navigator' not found (development path)
2023-03-22T16:42:30.688213+00:00 DEBUG 'ansible_navigator.main' Share directory '/Users/rgdacosta/Library/Python/3.9/share/ansible_navigator' not found (userbase)
2023-03-22T16:42:30.688247+00:00 DEBUG 'ansible_navigator.main' Share directory '/usr/local/opt/python@3.9/Frameworks/Python.framework/Versions/3.9/share/ansible_navigator' not found (sys.prefix)
2023-03-22T16:42:30.688282+00:00 DEBUG 'ansible_navigator.main' Share directory '/usr/local/opt/python@3.9/share/ansible_navigator' not found (datarootdir)
2023-03-22T16:42:30.688311+00:00 DEBUG 'ansible_navigator.main' Share directory '/usr/local/opt/python@3.9/Frameworks/Python.framework/Versions/3.9/share/ansible_navigator' not found (datadir)
2023-03-22T16:42:30.688345+00:00 DEBUG 'ansible_navigator.main' Share directory '/usr/local/opt/python@3.9/Frameworks/Python.framework/Versions/3.9/local/share/ansible_navigator' not found (prefix)
2023-03-22T16:42:30.688394+00:00 DEBUG 'ansible_navigator.main' Default collection_doc_cache_path set to: /Users/rgdacosta/.cache/ansible-navigator/collection_doc_cache.db
2023-03-22T16:42:30.688427+00:00 DEBUG 'ansible_navigator.main' EDITOR environment variable not set
2023-03-22T16:42:30.688472+00:00 DEBUG 'ansible_navigator.main' Default editor_command set to: vi +{line_number} {filename}
2023-03-22T16:42:30.688521+00:00 ERROR 'ansible_navigator.main' Unable to find a viable share directory
2023-03-22T16:42:30.688559+00:00 INFO 'ansible_navigator.main' Configuration failed, using default log file location. (/Users/rgdacosta/git/classroom_env/ansible-navigator.log) Log level set to debug
2023-03-22T16:42:30.688594+00:00 INFO 'ansible_navigator.main' Review the hints and log file to see what went wrong.
