2023-03-02 12:28:15,283 p=2899 u=student n=ansible | PLAY [Setup editing environment] *******************************************************************************
2023-03-02 12:28:15,304 p=2899 u=student n=ansible | TASK [Ensure needed python packages are installed] *************************************************************
2023-03-02 12:28:17,007 p=2899 u=student n=ansible | changed: [localhost]
2023-03-02 12:28:17,011 p=2899 u=student n=ansible | TASK [Ensure needed directories are present] *******************************************************************
2023-03-02 12:28:17,364 p=2899 u=student n=ansible | changed: [localhost] => (item=~/.vim/autoload)
2023-03-02 12:28:17,551 p=2899 u=student n=ansible | changed: [localhost] => (item=~/.vim/bundle)
2023-03-02 12:28:17,746 p=2899 u=student n=ansible | changed: [localhost] => (item=~/.config/yamllint)
2023-03-02 12:28:17,751 p=2899 u=student n=ansible | TASK [Ensure pathogen is downloaded] ***************************************************************************
2023-03-02 12:28:20,395 p=2899 u=student n=ansible | changed: [localhost]
2023-03-02 12:28:20,399 p=2899 u=student n=ansible | TASK [Ensure plugin repos are cloned] **************************************************************************
2023-03-02 12:28:25,019 p=2899 u=student n=ansible | changed: [localhost] => (item=https://github.com/Yggdroot/indentLine.git)
2023-03-02 12:28:28,078 p=2899 u=student n=ansible | changed: [localhost] => (item=https://github.com/pedrohdz/vim-yaml-folds.git)
2023-03-02 12:28:34,766 p=2899 u=student n=ansible | changed: [localhost] => (item=https://github.com/dense-analysis/ale.git)
2023-03-02 12:28:34,773 p=2899 u=student n=ansible | TASK [Render terminal profile template] ************************************************************************
2023-03-02 12:28:35,485 p=2899 u=student n=ansible | changed: [localhost]
2023-03-02 12:28:35,489 p=2899 u=student n=ansible | TASK [Ensure config files are copied] **************************************************************************
2023-03-02 12:28:35,881 p=2899 u=student n=ansible | changed: [localhost] => (item={'key': 'vim', 'value': {'file': 'vimrc', 'dest': '~/.vimrc'}})
2023-03-02 12:28:36,242 p=2899 u=student n=ansible | changed: [localhost] => (item={'key': 'yamllint', 'value': {'file': 'config', 'dest': '~/.config/yamllint/config'}})
2023-03-02 12:28:36,712 p=2899 u=student n=ansible | changed: [localhost] => (item={'key': 'tmux', 'value': {'file': 'tmux.conf', 'dest': '~/.tmux.conf'}})
2023-03-02 12:28:37,156 p=2899 u=student n=ansible | changed: [localhost] => (item={'key': 'monitor', 'value': {'file': 'monitors.xml', 'dest': '~/.config/monitors.xml'}})
2023-03-02 12:28:37,537 p=2899 u=student n=ansible | changed: [localhost] => (item={'key': 'terminal', 'value': {'file': 'org.gnome.Terminal.desktop', 'dest': '~/.local/share/applications/org.gnome.Terminal.desktop'}})
2023-03-02 12:28:37,546 p=2899 u=student n=ansible | TASK [Ensure ~/.bashrc is configured] **************************************************************************
2023-03-02 12:28:37,886 p=2899 u=student n=ansible | changed: [localhost]
2023-03-02 12:28:37,891 p=2899 u=student n=ansible | TASK [Ensure resolution is obtained] ***************************************************************************
2023-03-02 12:28:38,261 p=2899 u=student n=ansible | ok: [localhost]
2023-03-02 12:28:38,265 p=2899 u=student n=ansible | TASK [Ensure resolution is set] ********************************************************************************
2023-03-02 12:28:38,528 p=2899 u=student n=ansible | changed: [localhost]
2023-03-02 12:28:38,533 p=2899 u=student n=ansible | RUNNING HANDLER [Ensure profile is loaded] *********************************************************************
2023-03-02 12:28:39,005 p=2899 u=student n=ansible | changed: [localhost]
2023-03-02 12:28:39,006 p=2899 u=student n=ansible | RUNNING HANDLER [Ensure terminal terminates] *******************************************************************
